Started on Nov 19, 2022, 4:35:44 AM
Started by event from 140.82.115.109 ⇒ http://52.91.3.244:8080/github-webhook/ on Sat Nov 19 04:35:44 UTC 2022
Using strategy: Default
[poll] Last Built Revision: Revision daea7628fc7c363a1e5c55157f7eb0e952563dcf (refs/remotes/origin/master)
Selected Git installation does not exist. Using Default
The recommended git tool is: NONE
No credentials specified
 > git --version # timeout=10
 > git --version # 'git version 2.25.1'
 > git ls-remote -h -- https://github.com/Rakeshgoniguntla/Java-1.git # timeout=10
Found 1 remote heads on https://github.com/Rakeshgoniguntla/Java-1.git
[poll] Latest remote head revision on refs/heads/master is: 1a234f13726a700e9c9294baaa227a491c15023b
Using strategy: Default
[poll] Last Built Revision: Revision daea7628fc7c363a1e5c55157f7eb0e952563dcf (refs/remotes/origin/master)
Selected Git installation does not exist. Using Default
The recommended git tool is: NONE
No credentials specified
 > git --version # timeout=10
 > git --version # 'git version 2.25.1'
 > git ls-remote -h -- https://github.com/Rakeshgoniguntla/Java-1.git # timeout=10
Found 1 remote heads on https://github.com/Rakeshgoniguntla/Java-1.git
[poll] Latest remote head revision on refs/heads/master is: 1a234f13726a700e9c9294baaa227a491c15023b
Done. Took 0.24 sec
Changes found
