Started on Nov 19, 2022, 5:32:44 AM
Started by event from 140.82.115.242 ⇒ http://52.91.3.244:8080/github-webhook/ on Sat Nov 19 05:32:44 UTC 2022
Using strategy: Default
[poll] Last Built Revision: Revision 1a234f13726a700e9c9294baaa227a491c15023b (refs/remotes/origin/master)
Selected Git installation does not exist. Using Default
The recommended git tool is: NONE
No credentials specified
 > git --version # timeout=10
 > git --version # 'git version 2.25.1'
 > git ls-remote -h -- https://github.com/Rakeshgoniguntla/Java-1.git # timeout=10
Found 2 remote heads on https://github.com/Rakeshgoniguntla/Java-1.git
[poll] Latest remote head revision on refs/heads/master is: 65ca9560d36cf987d2b0cc50d0f36db675fe00d9
Using strategy: Default
[poll] Last Built Revision: Revision 1a234f13726a700e9c9294baaa227a491c15023b (refs/remotes/origin/master)
Selected Git installation does not exist. Using Default
The recommended git tool is: NONE
No credentials specified
 > git --version # timeout=10
 > git --version # 'git version 2.25.1'
 > git ls-remote -h -- https://github.com/Rakeshgoniguntla/Java-1.git # timeout=10
Found 2 remote heads on https://github.com/Rakeshgoniguntla/Java-1.git
[poll] Latest remote head revision on refs/heads/master is: 65ca9560d36cf987d2b0cc50d0f36db675fe00d9
Done. Took 0.18 sec
Changes found
