Started at Thu Nov 24 05:21:41 UTC 2022
Processing artifacting
Offering artifacting to Project Build Discarder
Processing Assignment
Offering Assignment to Project Build Discarder
Processing Build
Offering Build to Project Build Discarder
Processing deploy
Offering deploy to Project Build Discarder
Processing ENVPIPE
Offering ENVPIPE to Project Build Discarder
Processing freestyle
Offering freestyle to Project Build Discarder
Processing git-private
Offering git-private to Project Build Discarder
Processing gitprivate
Offering gitprivate to Project Build Discarder
Processing installgit
Offering installgit to Project Build Discarder
Processing Java
Offering Java to Project Build Discarder
Processing java-deploy-pipeline
Offering java-deploy-pipeline to Project Build Discarder
Processing javabuild
Offering javabuild to Project Build Discarder
Processing javadeploy
Offering javadeploy to Project Build Discarder
Processing javaproject
Offering javaproject to Project Build Discarder
Processing parallelbuild
Offering parallelbuild to Project Build Discarder
Processing parallelpipeline
Offering parallelpipeline to Project Build Discarder
Processing parameter_build
Offering parameter_build to Project Build Discarder
Processing parameterisedjob
Offering parameterisedjob to Project Build Discarder
Processing pipeline
Offering pipeline to Project Build Discarder
Processing pipelinejava
Offering pipelinejava to Project Build Discarder
Processing project-c
Offering project-c to Project Build Discarder
Processing Testing
Offering Testing to Project Build Discarder
Finished at Thu Nov 24 05:21:41 UTC 2022. 12ms
Started at Thu Nov 24 06:21:41 UTC 2022
Processing artifacting
Offering artifacting to Project Build Discarder
Processing Assignment
Offering Assignment to Project Build Discarder
Processing Build
Offering Build to Project Build Discarder
Processing deploy
Offering deploy to Project Build Discarder
Processing ENVPIPE
Offering ENVPIPE to Project Build Discarder
Processing freestyle
Offering freestyle to Project Build Discarder
Processing git-private
Offering git-private to Project Build Discarder
Processing gitprivate
Offering gitprivate to Project Build Discarder
Processing installgit
Offering installgit to Project Build Discarder
Processing Java
Offering Java to Project Build Discarder
Processing java-deploy-pipeline
Offering java-deploy-pipeline to Project Build Discarder
Processing javabuild
Offering javabuild to Project Build Discarder
Processing javadeploy
Offering javadeploy to Project Build Discarder
Processing javaproject
Offering javaproject to Project Build Discarder
Processing parallelbuild
Offering parallelbuild to Project Build Discarder
Processing parallelpipeline
Offering parallelpipeline to Project Build Discarder
Processing parameter_build
Offering parameter_build to Project Build Discarder
Processing parameterisedjob
Offering parameterisedjob to Project Build Discarder
Processing pipeline
Offering pipeline to Project Build Discarder
Processing pipelinejava
Offering pipelinejava to Project Build Discarder
Processing project-c
Offering project-c to Project Build Discarder
Processing Testing
Offering Testing to Project Build Discarder
Finished at Thu Nov 24 06:21:41 UTC 2022. 3ms
Started at Thu Nov 24 07:21:41 UTC 2022
Processing artifacting
Offering artifacting to Project Build Discarder
Processing Assignment
Offering Assignment to Project Build Discarder
Processing Build
Offering Build to Project Build Discarder
Processing deploy
Offering deploy to Project Build Discarder
Processing ENVPIPE
Offering ENVPIPE to Project Build Discarder
Processing freestyle
Offering freestyle to Project Build Discarder
Processing git-private
Offering git-private to Project Build Discarder
Processing gitprivate
Offering gitprivate to Project Build Discarder
Processing installgit
Offering installgit to Project Build Discarder
Processing Java
Offering Java to Project Build Discarder
Processing java-deploy-pipeline
Offering java-deploy-pipeline to Project Build Discarder
Processing javabuild
Offering javabuild to Project Build Discarder
Processing javadeploy
Offering javadeploy to Project Build Discarder
Processing javaproject
Offering javaproject to Project Build Discarder
Processing parallelbuild
Offering parallelbuild to Project Build Discarder
Processing parallelpipeline
Offering parallelpipeline to Project Build Discarder
Processing parameter_build
Offering parameter_build to Project Build Discarder
Processing parameterisedjob
Offering parameterisedjob to Project Build Discarder
Processing pipeline
Offering pipeline to Project Build Discarder
Processing pipelinejava
Offering pipelinejava to Project Build Discarder
Processing project-c
Offering project-c to Project Build Discarder
Processing Testing
Offering Testing to Project Build Discarder
Finished at Thu Nov 24 07:21:41 UTC 2022. 2ms
Started at Thu Nov 24 08:21:41 UTC 2022
Processing artifacting
Offering artifacting to Project Build Discarder
Processing Assignment
Offering Assignment to Project Build Discarder
Processing Build
Offering Build to Project Build Discarder
Processing deploy
Offering deploy to Project Build Discarder
Processing ENVPIPE
Offering ENVPIPE to Project Build Discarder
Processing freestyle
Offering freestyle to Project Build Discarder
Processing git-private
Offering git-private to Project Build Discarder
Processing gitprivate
Offering gitprivate to Project Build Discarder
Processing installgit
Offering installgit to Project Build Discarder
Processing Java
Offering Java to Project Build Discarder
Processing java-deploy-pipeline
Offering java-deploy-pipeline to Project Build Discarder
Processing javabuild
Offering javabuild to Project Build Discarder
Processing javadeploy
Offering javadeploy to Project Build Discarder
Processing javaproject
Offering javaproject to Project Build Discarder
Processing parallelbuild
Offering parallelbuild to Project Build Discarder
Processing parallelpipeline
Offering parallelpipeline to Project Build Discarder
Processing parameter_build
Offering parameter_build to Project Build Discarder
Processing parameterisedjob
Offering parameterisedjob to Project Build Discarder
Processing pipeline
Offering pipeline to Project Build Discarder
Processing pipelinejava
Offering pipelinejava to Project Build Discarder
Processing project-c
Offering project-c to Project Build Discarder
Processing Testing
Offering Testing to Project Build Discarder
Finished at Thu Nov 24 08:21:41 UTC 2022. 3ms
Started at Thu Nov 24 09:21:41 UTC 2022
Processing artifacting
Offering artifacting to Project Build Discarder
Processing Assignment
Offering Assignment to Project Build Discarder
Processing Build
Offering Build to Project Build Discarder
Processing deploy
Offering deploy to Project Build Discarder
Processing ENVPIPE
Offering ENVPIPE to Project Build Discarder
Processing freestyle
Offering freestyle to Project Build Discarder
Processing git-private
Offering git-private to Project Build Discarder
Processing gitprivate
Offering gitprivate to Project Build Discarder
Processing installgit
Offering installgit to Project Build Discarder
Processing Java
Offering Java to Project Build Discarder
Processing java-deploy-pipeline
Offering java-deploy-pipeline to Project Build Discarder
Processing javabuild
Offering javabuild to Project Build Discarder
Processing javadeploy
Offering javadeploy to Project Build Discarder
Processing javaproject
Offering javaproject to Project Build Discarder
Processing parallelbuild
Offering parallelbuild to Project Build Discarder
Processing parallelpipeline
Offering parallelpipeline to Project Build Discarder
Processing parameter_build
Offering parameter_build to Project Build Discarder
Processing parameterisedjob
Offering parameterisedjob to Project Build Discarder
Processing pipeline
Offering pipeline to Project Build Discarder
Processing pipelinejava
Offering pipelinejava to Project Build Discarder
Processing project-c
Offering project-c to Project Build Discarder
Processing Testing
Offering Testing to Project Build Discarder
Finished at Thu Nov 24 09:21:41 UTC 2022. 1ms
