Started on Nov 19, 2022, 5:33:50 AM
Started by event from 140.82.115.248 ⇒ http://52.91.3.244:8080/github-webhook/ on Sat Nov 19 05:33:50 UTC 2022
Using strategy: Default
[poll] Last Built Revision: Revision 65ca9560d36cf987d2b0cc50d0f36db675fe00d9 (refs/remotes/origin/master)
Selected Git installation does not exist. Using Default
The recommended git tool is: NONE
No credentials specified
 > git --version # timeout=10
 > git --version # 'git version 2.25.1'
 > git ls-remote -h -- https://github.com/Rakeshgoniguntla/Java-1.git # timeout=10
Found 2 remote heads on https://github.com/Rakeshgoniguntla/Java-1.git
[poll] Latest remote head revision on refs/heads/master is: 5f49554336ae034820ca00e1d1fadabc8e561681
Using strategy: Default
[poll] Last Built Revision: Revision 65ca9560d36cf987d2b0cc50d0f36db675fe00d9 (refs/remotes/origin/master)
Selected Git installation does not exist. Using Default
The recommended git tool is: NONE
No credentials specified
 > git --version # timeout=10
 > git --version # 'git version 2.25.1'
 > git ls-remote -h -- https://github.com/Rakeshgoniguntla/Java-1.git # timeout=10
Found 2 remote heads on https://github.com/Rakeshgoniguntla/Java-1.git
[poll] Latest remote head revision on refs/heads/master is: 5f49554336ae034820ca00e1d1fadabc8e561681
Done. Took 0.28 sec
Changes found
